ERROR - 2026-04-12 16:15:58 --> Error connecting to the database: mysqli_sql_exception: Access denied for user ''@'localhost' (using password: NO) in C:\wamp64\www\project-root\vendor\codeigniter4\framework\system\Database\MySQLi\Connection.php:201
Stack trace:
#0 C:\wamp64\www\project-root\vendor\codeigniter4\framework\system\Database\MySQLi\Connection.php(201): mysqli->real_connect('localhost', '', Object(SensitiveParameterValue), '', 3306, '', 0)
#1 C:\wamp64\www\project-root\vendor\codeigniter4\framework\system\Database\BaseConnection.php(555): CodeIgniter\Database\MySQLi\Connection->connect(false)
#2 C:\wamp64\www\project-root\vendor\codeigniter4\framework\system\Database\BaseConnection.php(795): CodeIgniter\Database\BaseConnection->initialize()
#3 C:\wamp64\www\project-root\vendor\codeigniter4\framework\system\Database\BaseConnection.php(1706): CodeIgniter\Database\BaseConnection->query('SHOW TABLES FRO...')
#4 C:\wamp64\www\project-root\vendor\codeigniter4\framework\system\Database\BaseConnection.php(1726): CodeIgniter\Database\BaseConnection->listTables()
#5 C:\wamp64\www\project-root\vendor\codeigniter4\framework\system\Database\MigrationRunner.php(821): CodeIgniter\Database\BaseConnection->tableExists('migrations')
#6 C:\wamp64\www\project-root\vendor\codeigniter4\framework\system\Database\MigrationRunner.php(173): CodeIgniter\Database\MigrationRunner->ensureTable()
#7 C:\wamp64\www\project-root\vendor\codeigniter4\framework\system\Commands\Database\Migrate.php(89): CodeIgniter\Database\MigrationRunner->latest(NULL)
#8 C:\wamp64\www\project-root\vendor\codeigniter4\framework\system\CLI\SignalTrait.php(245): CodeIgniter\Commands\Database\Migrate::CodeIgniter\Commands\Database\{closure}()
#9 C:\wamp64\www\project-root\vendor\codeigniter4\framework\system\Commands\Database\Migrate.php(88): CodeIgniter\Commands\Database\Migrate->withSignalsBlocked(Object(Closure))
#10 C:\wamp64\www\project-root\vendor\codeigniter4\framework\system\CLI\Commands.php(74): CodeIgniter\Commands\Database\Migrate->run(Array)
#11 C:\wamp64\www\project-root\vendor\codeigniter4\framework\system\CLI\Console.php(47): CodeIgniter\CLI\Commands->run('migrate', Array)
#12 C:\wamp64\www\project-root\vendor\codeigniter4\framework\system\Boot.php(442): CodeIgniter\CLI\Console->run()
#13 C:\wamp64\www\project-root\vendor\codeigniter4\framework\system\Boot.php(166): CodeIgniter\Boot::runCommand(Object(CodeIgniter\CLI\Console))
#14 C:\wamp64\www\project-root\spark(87): CodeIgniter\Boot::bootSpark(Object(Config\Paths))
#15 {main}

Next CodeIgniter\Database\Exceptions\DatabaseException: Access denied for user ''@'localhost' (using password: NO) in C:\wamp64\www\project-root\vendor\codeigniter4\framework\system\Database\MySQLi\Connection.php:231
Stack trace:
#0 C:\wamp64\www\project-root\vendor\codeigniter4\framework\system\Database\BaseConnection.php(555): CodeIgniter\Database\MySQLi\Connection->connect(false)
#1 C:\wamp64\www\project-root\vendor\codeigniter4\framework\system\Database\BaseConnection.php(795): CodeIgniter\Database\BaseConnection->initialize()
#2 C:\wamp64\www\project-root\vendor\codeigniter4\framework\system\Database\BaseConnection.php(1706): CodeIgniter\Database\BaseConnection->query('SHOW TABLES FRO...')
#3 C:\wamp64\www\project-root\vendor\codeigniter4\framework\system\Database\BaseConnection.php(1726): CodeIgniter\Database\BaseConnection->listTables()
#4 C:\wamp64\www\project-root\vendor\codeigniter4\framework\system\Database\MigrationRunner.php(821): CodeIgniter\Database\BaseConnection->tableExists('migrations')
#5 C:\wamp64\www\project-root\vendor\codeigniter4\framework\system\Database\MigrationRunner.php(173): CodeIgniter\Database\MigrationRunner->ensureTable()
#6 C:\wamp64\www\project-root\vendor\codeigniter4\framework\system\Commands\Database\Migrate.php(89): CodeIgniter\Database\MigrationRunner->latest(NULL)
#7 C:\wamp64\www\project-root\vendor\codeigniter4\framework\system\CLI\SignalTrait.php(245): CodeIgniter\Commands\Database\Migrate::CodeIgniter\Commands\Database\{closure}()
#8 C:\wamp64\www\project-root\vendor\codeigniter4\framework\system\Commands\Database\Migrate.php(88): CodeIgniter\Commands\Database\Migrate->withSignalsBlocked(Object(Closure))
#9 C:\wamp64\www\project-root\vendor\codeigniter4\framework\system\CLI\Commands.php(74): CodeIgniter\Commands\Database\Migrate->run(Array)
#10 C:\wamp64\www\project-root\vendor\codeigniter4\framework\system\CLI\Console.php(47): CodeIgniter\CLI\Commands->run('migrate', Array)
#11 C:\wamp64\www\project-root\vendor\codeigniter4\framework\system\Boot.php(442): CodeIgniter\CLI\Console->run()
#12 C:\wamp64\www\project-root\vendor\codeigniter4\framework\system\Boot.php(166): CodeIgniter\Boot::runCommand(Object(CodeIgniter\CLI\Console))
#13 C:\wamp64\www\project-root\spark(87): CodeIgniter\Boot::bootSpark(Object(Config\Paths))
#14 {main}
ERROR - 2026-04-12 16:26:07 --> Error connecting to the database: mysqli_sql_exception: Unknown database 'prueba' in C:\wamp64\www\project-root\vendor\codeigniter4\framework\system\Database\MySQLi\Connection.php:201
Stack trace:
#0 C:\wamp64\www\project-root\vendor\codeigniter4\framework\system\Database\MySQLi\Connection.php(201): mysqli->real_connect('localhost', 'root', Object(SensitiveParameterValue), 'prueba', 3306, '', 0)
#1 C:\wamp64\www\project-root\vendor\codeigniter4\framework\system\Database\BaseConnection.php(555): CodeIgniter\Database\MySQLi\Connection->connect(false)
#2 C:\wamp64\www\project-root\vendor\codeigniter4\framework\system\Database\BaseConnection.php(795): CodeIgniter\Database\BaseConnection->initialize()
#3 C:\wamp64\www\project-root\vendor\codeigniter4\framework\system\Database\BaseConnection.php(1706): CodeIgniter\Database\BaseConnection->query('SHOW TABLES FRO...')
#4 C:\wamp64\www\project-root\vendor\codeigniter4\framework\system\Database\BaseConnection.php(1726): CodeIgniter\Database\BaseConnection->listTables()
#5 C:\wamp64\www\project-root\vendor\codeigniter4\framework\system\Database\MigrationRunner.php(821): CodeIgniter\Database\BaseConnection->tableExists('migrations')
#6 C:\wamp64\www\project-root\vendor\codeigniter4\framework\system\Database\MigrationRunner.php(173): CodeIgniter\Database\MigrationRunner->ensureTable()
#7 C:\wamp64\www\project-root\vendor\codeigniter4\framework\system\Commands\Database\Migrate.php(89): CodeIgniter\Database\MigrationRunner->latest(NULL)
#8 C:\wamp64\www\project-root\vendor\codeigniter4\framework\system\CLI\SignalTrait.php(245): CodeIgniter\Commands\Database\Migrate::CodeIgniter\Commands\Database\{closure}()
#9 C:\wamp64\www\project-root\vendor\codeigniter4\framework\system\Commands\Database\Migrate.php(88): CodeIgniter\Commands\Database\Migrate->withSignalsBlocked(Object(Closure))
#10 C:\wamp64\www\project-root\vendor\codeigniter4\framework\system\CLI\Commands.php(74): CodeIgniter\Commands\Database\Migrate->run(Array)
#11 C:\wamp64\www\project-root\vendor\codeigniter4\framework\system\CLI\Console.php(47): CodeIgniter\CLI\Commands->run('migrate', Array)
#12 C:\wamp64\www\project-root\vendor\codeigniter4\framework\system\Boot.php(442): CodeIgniter\CLI\Console->run()
#13 C:\wamp64\www\project-root\vendor\codeigniter4\framework\system\Boot.php(166): CodeIgniter\Boot::runCommand(Object(CodeIgniter\CLI\Console))
#14 C:\wamp64\www\project-root\spark(87): CodeIgniter\Boot::bootSpark(Object(Config\Paths))
#15 {main}

Next CodeIgniter\Database\Exceptions\DatabaseException: Unknown database 'prueba' in C:\wamp64\www\project-root\vendor\codeigniter4\framework\system\Database\MySQLi\Connection.php:231
Stack trace:
#0 C:\wamp64\www\project-root\vendor\codeigniter4\framework\system\Database\BaseConnection.php(555): CodeIgniter\Database\MySQLi\Connection->connect(false)
#1 C:\wamp64\www\project-root\vendor\codeigniter4\framework\system\Database\BaseConnection.php(795): CodeIgniter\Database\BaseConnection->initialize()
#2 C:\wamp64\www\project-root\vendor\codeigniter4\framework\system\Database\BaseConnection.php(1706): CodeIgniter\Database\BaseConnection->query('SHOW TABLES FRO...')
#3 C:\wamp64\www\project-root\vendor\codeigniter4\framework\system\Database\BaseConnection.php(1726): CodeIgniter\Database\BaseConnection->listTables()
#4 C:\wamp64\www\project-root\vendor\codeigniter4\framework\system\Database\MigrationRunner.php(821): CodeIgniter\Database\BaseConnection->tableExists('migrations')
#5 C:\wamp64\www\project-root\vendor\codeigniter4\framework\system\Database\MigrationRunner.php(173): CodeIgniter\Database\MigrationRunner->ensureTable()
#6 C:\wamp64\www\project-root\vendor\codeigniter4\framework\system\Commands\Database\Migrate.php(89): CodeIgniter\Database\MigrationRunner->latest(NULL)
#7 C:\wamp64\www\project-root\vendor\codeigniter4\framework\system\CLI\SignalTrait.php(245): CodeIgniter\Commands\Database\Migrate::CodeIgniter\Commands\Database\{closure}()
#8 C:\wamp64\www\project-root\vendor\codeigniter4\framework\system\Commands\Database\Migrate.php(88): CodeIgniter\Commands\Database\Migrate->withSignalsBlocked(Object(Closure))
#9 C:\wamp64\www\project-root\vendor\codeigniter4\framework\system\CLI\Commands.php(74): CodeIgniter\Commands\Database\Migrate->run(Array)
#10 C:\wamp64\www\project-root\vendor\codeigniter4\framework\system\CLI\Console.php(47): CodeIgniter\CLI\Commands->run('migrate', Array)
#11 C:\wamp64\www\project-root\vendor\codeigniter4\framework\system\Boot.php(442): CodeIgniter\CLI\Console->run()
#12 C:\wamp64\www\project-root\vendor\codeigniter4\framework\system\Boot.php(166): CodeIgniter\Boot::runCommand(Object(CodeIgniter\CLI\Console))
#13 C:\wamp64\www\project-root\spark(87): CodeIgniter\Boot::bootSpark(Object(Config\Paths))
#14 {main}
ERROR - 2026-04-12 17:56:09 --> Table 'prueba.estudiantes' doesn't exist
in SYSTEMPATH\Database\MySQLi\Connection.php on line 300.
 1 SYSTEMPATH\Database\MySQLi\Connection.php(300): mysqli->query('SELECT *
FROM `estudiantes`', 0)
 2 SYSTEMPATH\Database\BaseConnection.php(910): CodeIgniter\Database\MySQLi\Connection->execute('SELECT *
FROM `estudiantes`')
 3 SYSTEMPATH\Database\BaseConnection.php(827): CodeIgniter\Database\BaseConnection->simpleQuery('SELECT *
FROM `estudiantes`')
 4 SYSTEMPATH\Database\BaseBuilder.php(1649): CodeIgniter\Database\BaseConnection->query('SELECT *
FROM `estudiantes`', [], false)
 5 SYSTEMPATH\Model.php(253): CodeIgniter\Database\BaseBuilder->get()
 6 SYSTEMPATH\BaseModel.php(676): CodeIgniter\Model->doFindAll(0, 0)
 7 APPPATH\Controllers\EstudiantesController.php(23): CodeIgniter\BaseModel->findAll()
 8 SYSTEMPATH\CodeIgniter.php(951): App\Controllers\EstudiantesController->index()
 9 SYSTEMPATH\CodeIgniter.php(497): CodeIgniter\CodeIgniter->runController(Object(App\Controllers\EstudiantesController))
10 SYSTEMPATH\CodeIgniter.php(340): CodeIgniter\CodeIgniter->handleRequest(null, Object(Config\Cache), false)
11 SYSTEMPATH\Boot.php(417): CodeIgniter\CodeIgniter->run()
12 SYSTEMPATH\Boot.php(68): CodeIgniter\Boot::runCodeIgniter(Object(CodeIgniter\CodeIgniter))
13 FCPATH\index.php(59): CodeIgniter\Boot::bootWeb(Object(Config\Paths))
CRITICAL - 2026-04-12 17:56:09 --> CodeIgniter\Database\Exceptions\DatabaseException: Table 'prueba.estudiantes' doesn't exist
[Method: GET, Route: estudiantes]
in SYSTEMPATH\Database\BaseConnection.php on line 865.
 1 SYSTEMPATH\Database\BaseBuilder.php(1649): CodeIgniter\Database\BaseConnection->query('SELECT *
FROM `estudiantes`', [], false)
 2 SYSTEMPATH\Model.php(253): CodeIgniter\Database\BaseBuilder->get()
 3 SYSTEMPATH\BaseModel.php(676): CodeIgniter\Model->doFindAll(0, 0)
 4 APPPATH\Controllers\EstudiantesController.php(23): CodeIgniter\BaseModel->findAll()
 5 SYSTEMPATH\CodeIgniter.php(951): App\Controllers\EstudiantesController->index()
 6 SYSTEMPATH\CodeIgniter.php(497): CodeIgniter\CodeIgniter->runController(Object(App\Controllers\EstudiantesController))
 7 SYSTEMPATH\CodeIgniter.php(340): CodeIgniter\CodeIgniter->handleRequest(null, Object(Config\Cache), false)
 8 SYSTEMPATH\Boot.php(417): CodeIgniter\CodeIgniter->run()
 9 SYSTEMPATH\Boot.php(68): CodeIgniter\Boot::runCodeIgniter(Object(CodeIgniter\CodeIgniter))
10 FCPATH\index.php(59): CodeIgniter\Boot::bootWeb(Object(Config\Paths))
CRITICAL - 2026-04-12 17:56:09 --> [Caused by] CodeIgniter\Database\Exceptions\DatabaseException: Table 'prueba.estudiantes' doesn't exist
in SYSTEMPATH\Database\MySQLi\Connection.php on line 310.
 1 SYSTEMPATH\Database\BaseConnection.php(910): CodeIgniter\Database\MySQLi\Connection->execute('SELECT *
FROM `estudiantes`')
 2 SYSTEMPATH\Database\BaseConnection.php(827): CodeIgniter\Database\BaseConnection->simpleQuery('SELECT *
FROM `estudiantes`')
 3 SYSTEMPATH\Database\BaseBuilder.php(1649): CodeIgniter\Database\BaseConnection->query('SELECT *
FROM `estudiantes`', [], false)
 4 SYSTEMPATH\Model.php(253): CodeIgniter\Database\BaseBuilder->get()
 5 SYSTEMPATH\BaseModel.php(676): CodeIgniter\Model->doFindAll(0, 0)
 6 APPPATH\Controllers\EstudiantesController.php(23): CodeIgniter\BaseModel->findAll()
 7 SYSTEMPATH\CodeIgniter.php(951): App\Controllers\EstudiantesController->index()
 8 SYSTEMPATH\CodeIgniter.php(497): CodeIgniter\CodeIgniter->runController(Object(App\Controllers\EstudiantesController))
 9 SYSTEMPATH\CodeIgniter.php(340): CodeIgniter\CodeIgniter->handleRequest(null, Object(Config\Cache), false)
10 SYSTEMPATH\Boot.php(417): CodeIgniter\CodeIgniter->run()
11 SYSTEMPATH\Boot.php(68): CodeIgniter\Boot::runCodeIgniter(Object(CodeIgniter\CodeIgniter))
12 FCPATH\index.php(59): CodeIgniter\Boot::bootWeb(Object(Config\Paths))
CRITICAL - 2026-04-12 17:56:09 --> [Caused by] mysqli_sql_exception: Table 'prueba.estudiantes' doesn't exist
in SYSTEMPATH\Database\MySQLi\Connection.php on line 300.
 1 SYSTEMPATH\Database\MySQLi\Connection.php(300): mysqli->query('SELECT *
FROM `estudiantes`', 0)
 2 SYSTEMPATH\Database\BaseConnection.php(910): CodeIgniter\Database\MySQLi\Connection->execute('SELECT *
FROM `estudiantes`')
 3 SYSTEMPATH\Database\BaseConnection.php(827): CodeIgniter\Database\BaseConnection->simpleQuery('SELECT *
FROM `estudiantes`')
 4 SYSTEMPATH\Database\BaseBuilder.php(1649): CodeIgniter\Database\BaseConnection->query('SELECT *
FROM `estudiantes`', [], false)
 5 SYSTEMPATH\Model.php(253): CodeIgniter\Database\BaseBuilder->get()
 6 SYSTEMPATH\BaseModel.php(676): CodeIgniter\Model->doFindAll(0, 0)
 7 APPPATH\Controllers\EstudiantesController.php(23): CodeIgniter\BaseModel->findAll()
 8 SYSTEMPATH\CodeIgniter.php(951): App\Controllers\EstudiantesController->index()
 9 SYSTEMPATH\CodeIgniter.php(497): CodeIgniter\CodeIgniter->runController(Object(App\Controllers\EstudiantesController))
10 SYSTEMPATH\CodeIgniter.php(340): CodeIgniter\CodeIgniter->handleRequest(null, Object(Config\Cache), false)
11 SYSTEMPATH\Boot.php(417): CodeIgniter\CodeIgniter->run()
12 SYSTEMPATH\Boot.php(68): CodeIgniter\Boot::runCodeIgniter(Object(CodeIgniter\CodeIgniter))
13 FCPATH\index.php(59): CodeIgniter\Boot::bootWeb(Object(Config\Paths))
CRITICAL - 2026-04-12 18:04:10 --> ErrorException: touch(): Unable to create file writable/session/ci_sessiond1f6c1e9ebba5708257719f371df5ec8 because No such file or directory
[Method: GET, Route: estudiantes]
in SYSTEMPATH\Session\Handlers\FileHandler.php on line 188.
 1 [internal function]: CodeIgniter\Debug\Exceptions->errorHandler(2, 'touch(): Unable to create file writable/session/ci_sessiond1f6c1e9ebba5708257719f371df5ec8 because No such file or directory', 'C:\\wamp64\\www\\project-root\\vendor\\codeigniter4\\framework\\system\\Session\\Handlers\\FileHandler.php', 188)
 2 SYSTEMPATH\Session\Handlers\FileHandler.php(188): touch('writable/session/ci_sessiond1f6c1e9ebba5708257719f371df5ec8')
 3 [internal function]: CodeIgniter\Session\Handlers\FileHandler->write('d1f6c1e9ebba5708257719f371df5ec8', '__ci_last_regenerate|i:1776017017;')
 4 [internal function]: session_write_close()
CRITICAL - 2026-04-12 18:04:16 --> ErrorException: touch(): Unable to create file writable/session/ci_sessiond1f6c1e9ebba5708257719f371df5ec8 because No such file or directory
[Method: GET, Route: estudiantes]
in SYSTEMPATH\Session\Handlers\FileHandler.php on line 188.
 1 [internal function]: CodeIgniter\Debug\Exceptions->errorHandler(2, 'touch(): Unable to create file writable/session/ci_sessiond1f6c1e9ebba5708257719f371df5ec8 because No such file or directory', 'C:\\wamp64\\www\\project-root\\vendor\\codeigniter4\\framework\\system\\Session\\Handlers\\FileHandler.php', 188)
 2 SYSTEMPATH\Session\Handlers\FileHandler.php(188): touch('writable/session/ci_sessiond1f6c1e9ebba5708257719f371df5ec8')
 3 [internal function]: CodeIgniter\Session\Handlers\FileHandler->write('d1f6c1e9ebba5708257719f371df5ec8', '__ci_last_regenerate|i:1776017017;')
 4 [internal function]: session_write_close()
CRITICAL - 2026-04-12 18:04:31 --> ErrorException: touch(): Unable to create file writable/session/ci_sessiond1f6c1e9ebba5708257719f371df5ec8 because No such file or directory
[Method: GET, Route: estudiantes]
in SYSTEMPATH\Session\Handlers\FileHandler.php on line 188.
 1 [internal function]: CodeIgniter\Debug\Exceptions->errorHandler(2, 'touch(): Unable to create file writable/session/ci_sessiond1f6c1e9ebba5708257719f371df5ec8 because No such file or directory', 'C:\\wamp64\\www\\project-root\\vendor\\codeigniter4\\framework\\system\\Session\\Handlers\\FileHandler.php', 188)
 2 SYSTEMPATH\Session\Handlers\FileHandler.php(188): touch('writable/session/ci_sessiond1f6c1e9ebba5708257719f371df5ec8')
 3 [internal function]: CodeIgniter\Session\Handlers\FileHandler->write('d1f6c1e9ebba5708257719f371df5ec8', '__ci_last_regenerate|i:1776017017;')
 4 [internal function]: session_write_close()
CRITICAL - 2026-04-12 18:41:20 --> ErrorException: Undefined property: Config\Auth::$loginRedirect
[Method: GET, Route: logout]
in APPPATH\Controllers\BaseController.php on line 35.
 1 APPPATH\Controllers\BaseController.php(35): CodeIgniter\Debug\Exceptions->errorHandler(2, 'Undefined property: Config\\Auth::$loginRedirect', 'C:\\wamp64\\www\\project-root\\app\\Controllers\\BaseController.php', 35)
 2 SYSTEMPATH\CodeIgniter.php(921): App\Controllers\BaseController->__construct()
 3 SYSTEMPATH\CodeIgniter.php(488): CodeIgniter\CodeIgniter->createController()
 4 SYSTEMPATH\CodeIgniter.php(340): CodeIgniter\CodeIgniter->handleRequest(null, Object(Config\Cache), false)
 5 SYSTEMPATH\Boot.php(417): CodeIgniter\CodeIgniter->run()
 6 SYSTEMPATH\Boot.php(68): CodeIgniter\Boot::runCodeIgniter(Object(CodeIgniter\CodeIgniter))
 7 FCPATH\index.php(59): CodeIgniter\Boot::bootWeb(Object(Config\Paths))
CRITICAL - 2026-04-12 18:42:28 --> ErrorException: Undefined property: Config\Auth::$loginRedirect
[Method: GET, Route: /]
in APPPATH\Controllers\BaseController.php on line 35.
 1 APPPATH\Controllers\BaseController.php(35): CodeIgniter\Debug\Exceptions->errorHandler(2, 'Undefined property: Config\\Auth::$loginRedirect', 'C:\\wamp64\\www\\project-root\\app\\Controllers\\BaseController.php', 35)
 2 SYSTEMPATH\CodeIgniter.php(921): App\Controllers\BaseController->__construct()
 3 SYSTEMPATH\CodeIgniter.php(488): CodeIgniter\CodeIgniter->createController()
 4 SYSTEMPATH\CodeIgniter.php(340): CodeIgniter\CodeIgniter->handleRequest(null, Object(Config\Cache), false)
 5 SYSTEMPATH\Boot.php(417): CodeIgniter\CodeIgniter->run()
 6 SYSTEMPATH\Boot.php(68): CodeIgniter\Boot::runCodeIgniter(Object(CodeIgniter\CodeIgniter))
 7 FCPATH\index.php(59): CodeIgniter\Boot::bootWeb(Object(Config\Paths))
CRITICAL - 2026-04-12 18:44:42 --> ErrorException: Undefined property: Config\Auth::$loginRedirect
[Method: GET, Route: /]
in APPPATH\Controllers\BaseController.php on line 35.
 1 APPPATH\Controllers\BaseController.php(35): CodeIgniter\Debug\Exceptions->errorHandler(2, 'Undefined property: Config\\Auth::$loginRedirect', 'C:\\wamp64\\www\\project-root\\app\\Controllers\\BaseController.php', 35)
 2 SYSTEMPATH\CodeIgniter.php(921): App\Controllers\BaseController->__construct()
 3 SYSTEMPATH\CodeIgniter.php(488): CodeIgniter\CodeIgniter->createController()
 4 SYSTEMPATH\CodeIgniter.php(340): CodeIgniter\CodeIgniter->handleRequest(null, Object(Config\Cache), false)
 5 SYSTEMPATH\Boot.php(417): CodeIgniter\CodeIgniter->run()
 6 SYSTEMPATH\Boot.php(68): CodeIgniter\Boot::runCodeIgniter(Object(CodeIgniter\CodeIgniter))
 7 FCPATH\index.php(59): CodeIgniter\Boot::bootWeb(Object(Config\Paths))
CRITICAL - 2026-04-12 18:44:50 --> ErrorException: Undefined property: Config\Auth::$loginRedirect
[Method: GET, Route: login]
in APPPATH\Controllers\BaseController.php on line 35.
 1 APPPATH\Controllers\BaseController.php(35): CodeIgniter\Debug\Exceptions->errorHandler(2, 'Undefined property: Config\\Auth::$loginRedirect', 'C:\\wamp64\\www\\project-root\\app\\Controllers\\BaseController.php', 35)
 2 SYSTEMPATH\CodeIgniter.php(921): App\Controllers\BaseController->__construct()
 3 SYSTEMPATH\CodeIgniter.php(488): CodeIgniter\CodeIgniter->createController()
 4 SYSTEMPATH\CodeIgniter.php(340): CodeIgniter\CodeIgniter->handleRequest(null, Object(Config\Cache), false)
 5 SYSTEMPATH\Boot.php(417): CodeIgniter\CodeIgniter->run()
 6 SYSTEMPATH\Boot.php(68): CodeIgniter\Boot::runCodeIgniter(Object(CodeIgniter\CodeIgniter))
 7 FCPATH\index.php(59): CodeIgniter\Boot::bootWeb(Object(Config\Paths))
CRITICAL - 2026-04-12 22:18:44 --> ErrorException: Cannot declare class App\Controllers\Admin\UsersController, because the name is already in use
[Method: GET, Route: admin/users]
in APPPATH\Controllers\UsersController.php on line 8.
 1 [internal function]: CodeIgniter\Debug\Exceptions->shutdownHandler()
CRITICAL - 2026-04-12 22:19:27 --> CodeIgniter\View\Exceptions\ViewException: Archivo inválido: admin/users/index.php
[Method: GET, Route: admin/users]
in SYSTEMPATH\Exceptions\FrameworkException.php on line 39.
 1 SYSTEMPATH\View\View.php(228): CodeIgniter\Exceptions\FrameworkException::forInvalidFile('admin/users/index.php')
 2 SYSTEMPATH\Common.php(1250): CodeIgniter\View\View->render('admin/users/index', [], true)
 3 APPPATH\Controllers\UsersController.php(15): view('admin/users/index', [...])
 4 SYSTEMPATH\CodeIgniter.php(951): App\Controllers\UsersController->index()
 5 SYSTEMPATH\CodeIgniter.php(497): CodeIgniter\CodeIgniter->runController(Object(App\Controllers\UsersController))
 6 SYSTEMPATH\CodeIgniter.php(340): CodeIgniter\CodeIgniter->handleRequest(null, Object(Config\Cache), false)
 7 SYSTEMPATH\Boot.php(417): CodeIgniter\CodeIgniter->run()
 8 SYSTEMPATH\Boot.php(68): CodeIgniter\Boot::runCodeIgniter(Object(CodeIgniter\CodeIgniter))
 9 FCPATH\index.php(59): CodeIgniter\Boot::bootWeb(Object(Config\Paths))
CRITICAL - 2026-04-12 22:19:49 --> ErrorException: Undefined variable $title
[Method: GET, Route: admin/users]
in APPPATH\Views\users\index.php on line 4.
 1 APPPATH\Views\users\index.php(4): CodeIgniter\Debug\Exceptions->errorHandler(2, 'Undefined variable $title', 'C:\\wamp64\\www\\project-root\\app\\Views\\users\\index.php', 4)
 2 SYSTEMPATH\View\View.php(240): include('C:\\wamp64\\www\\project-root\\app\\Views\\users\\index.php')
 3 SYSTEMPATH\View\View.php(243): CodeIgniter\View\View->CodeIgniter\View\{closure}()
 4 SYSTEMPATH\Common.php(1250): CodeIgniter\View\View->render('users/index', [], true)
 5 APPPATH\Controllers\UsersController.php(15): view('users/index', [...])
 6 SYSTEMPATH\CodeIgniter.php(951): App\Controllers\UsersController->index()
 7 SYSTEMPATH\CodeIgniter.php(497): CodeIgniter\CodeIgniter->runController(Object(App\Controllers\UsersController))
 8 SYSTEMPATH\CodeIgniter.php(340): CodeIgniter\CodeIgniter->handleRequest(null, Object(Config\Cache), false)
 9 SYSTEMPATH\Boot.php(417): CodeIgniter\CodeIgniter->run()
10 SYSTEMPATH\Boot.php(68): CodeIgniter\Boot::runCodeIgniter(Object(CodeIgniter\CodeIgniter))
11 FCPATH\index.php(59): CodeIgniter\Boot::bootWeb(Object(Config\Paths))
CRITICAL - 2026-04-12 22:28:27 --> Error: Call to a member function first() on array
[Method: GET, Route: admin/users]
in APPPATH\Views\users\index.php on line 15.
 1 SYSTEMPATH\View\View.php(240): include()
 2 SYSTEMPATH\View\View.php(243): CodeIgniter\View\View->CodeIgniter\View\{closure}()
 3 SYSTEMPATH\Common.php(1250): CodeIgniter\View\View->render('users/index', [], true)
 4 APPPATH\Controllers\UsersController.php(16): view('users/index', [...])
 5 SYSTEMPATH\CodeIgniter.php(951): App\Controllers\UsersController->index()
 6 SYSTEMPATH\CodeIgniter.php(497): CodeIgniter\CodeIgniter->runController(Object(App\Controllers\UsersController))
 7 SYSTEMPATH\CodeIgniter.php(340): CodeIgniter\CodeIgniter->handleRequest(null, Object(Config\Cache), false)
 8 SYSTEMPATH\Boot.php(417): CodeIgniter\CodeIgniter->run()
 9 SYSTEMPATH\Boot.php(68): CodeIgniter\Boot::runCodeIgniter(Object(CodeIgniter\CodeIgniter))
10 FCPATH\index.php(59): CodeIgniter\Boot::bootWeb(Object(Config\Paths))
CRITICAL - 2026-04-12 22:28:55 --> Error: Call to a member function first() on array
[Method: GET, Route: admin/users]
in APPPATH\Views\users\index.php on line 15.
 1 SYSTEMPATH\View\View.php(240): include()
 2 SYSTEMPATH\View\View.php(243): CodeIgniter\View\View->CodeIgniter\View\{closure}()
 3 SYSTEMPATH\Common.php(1250): CodeIgniter\View\View->render('users/index', [], true)
 4 APPPATH\Controllers\UsersController.php(16): view('users/index', [...])
 5 SYSTEMPATH\CodeIgniter.php(951): App\Controllers\UsersController->index()
 6 SYSTEMPATH\CodeIgniter.php(497): CodeIgniter\CodeIgniter->runController(Object(App\Controllers\UsersController))
 7 SYSTEMPATH\CodeIgniter.php(340): CodeIgniter\CodeIgniter->handleRequest(null, Object(Config\Cache), false)
 8 SYSTEMPATH\Boot.php(417): CodeIgniter\CodeIgniter->run()
 9 SYSTEMPATH\Boot.php(68): CodeIgniter\Boot::runCodeIgniter(Object(CodeIgniter\CodeIgniter))
10 FCPATH\index.php(59): CodeIgniter\Boot::bootWeb(Object(Config\Paths))
CRITICAL - 2026-04-12 22:31:00 --> Error: Call to a member function getresults() on array
[Method: GET, Route: admin/users]
in APPPATH\Views\users\index.php on line 15.
 1 SYSTEMPATH\View\View.php(240): include()
 2 SYSTEMPATH\View\View.php(243): CodeIgniter\View\View->CodeIgniter\View\{closure}()
 3 SYSTEMPATH\Common.php(1250): CodeIgniter\View\View->render('users/index', [], true)
 4 APPPATH\Controllers\UsersController.php(16): view('users/index', [...])
 5 SYSTEMPATH\CodeIgniter.php(951): App\Controllers\UsersController->index()
 6 SYSTEMPATH\CodeIgniter.php(497): CodeIgniter\CodeIgniter->runController(Object(App\Controllers\UsersController))
 7 SYSTEMPATH\CodeIgniter.php(340): CodeIgniter\CodeIgniter->handleRequest(null, Object(Config\Cache), false)
 8 SYSTEMPATH\Boot.php(417): CodeIgniter\CodeIgniter->run()
 9 SYSTEMPATH\Boot.php(68): CodeIgniter\Boot::runCodeIgniter(Object(CodeIgniter\CodeIgniter))
10 FCPATH\index.php(59): CodeIgniter\Boot::bootWeb(Object(Config\Paths))
CRITICAL - 2026-04-12 22:32:00 --> Error: Call to a member function get() on array
[Method: GET, Route: admin/users]
in APPPATH\Views\users\index.php on line 15.
 1 SYSTEMPATH\View\View.php(240): include()
 2 SYSTEMPATH\View\View.php(243): CodeIgniter\View\View->CodeIgniter\View\{closure}()
 3 SYSTEMPATH\Common.php(1250): CodeIgniter\View\View->render('users/index', [], true)
 4 APPPATH\Controllers\UsersController.php(16): view('users/index', [...])
 5 SYSTEMPATH\CodeIgniter.php(951): App\Controllers\UsersController->index()
 6 SYSTEMPATH\CodeIgniter.php(497): CodeIgniter\CodeIgniter->runController(Object(App\Controllers\UsersController))
 7 SYSTEMPATH\CodeIgniter.php(340): CodeIgniter\CodeIgniter->handleRequest(null, Object(Config\Cache), false)
 8 SYSTEMPATH\Boot.php(417): CodeIgniter\CodeIgniter->run()
 9 SYSTEMPATH\Boot.php(68): CodeIgniter\Boot::runCodeIgniter(Object(CodeIgniter\CodeIgniter))
10 FCPATH\index.php(59): CodeIgniter\Boot::bootWeb(Object(Config\Paths))
CRITICAL - 2026-04-12 22:32:01 --> Error: Call to a member function get() on array
[Method: GET, Route: admin/users]
in APPPATH\Views\users\index.php on line 15.
 1 SYSTEMPATH\View\View.php(240): include()
 2 SYSTEMPATH\View\View.php(243): CodeIgniter\View\View->CodeIgniter\View\{closure}()
 3 SYSTEMPATH\Common.php(1250): CodeIgniter\View\View->render('users/index', [], true)
 4 APPPATH\Controllers\UsersController.php(16): view('users/index', [...])
 5 SYSTEMPATH\CodeIgniter.php(951): App\Controllers\UsersController->index()
 6 SYSTEMPATH\CodeIgniter.php(497): CodeIgniter\CodeIgniter->runController(Object(App\Controllers\UsersController))
 7 SYSTEMPATH\CodeIgniter.php(340): CodeIgniter\CodeIgniter->handleRequest(null, Object(Config\Cache), false)
 8 SYSTEMPATH\Boot.php(417): CodeIgniter\CodeIgniter->run()
 9 SYSTEMPATH\Boot.php(68): CodeIgniter\Boot::runCodeIgniter(Object(CodeIgniter\CodeIgniter))
10 FCPATH\index.php(59): CodeIgniter\Boot::bootWeb(Object(Config\Paths))
CRITICAL - 2026-04-12 22:33:36 --> Error: Call to a member function get() on array
[Method: GET, Route: admin/users]
in APPPATH\Views\users\index.php on line 15.
 1 SYSTEMPATH\View\View.php(240): include()
 2 SYSTEMPATH\View\View.php(243): CodeIgniter\View\View->CodeIgniter\View\{closure}()
 3 SYSTEMPATH\Common.php(1250): CodeIgniter\View\View->render('users/index', [], true)
 4 APPPATH\Controllers\UsersController.php(16): view('users/index', [...])
 5 SYSTEMPATH\CodeIgniter.php(951): App\Controllers\UsersController->index()
 6 SYSTEMPATH\CodeIgniter.php(497): CodeIgniter\CodeIgniter->runController(Object(App\Controllers\UsersController))
 7 SYSTEMPATH\CodeIgniter.php(340): CodeIgniter\CodeIgniter->handleRequest(null, Object(Config\Cache), false)
 8 SYSTEMPATH\Boot.php(417): CodeIgniter\CodeIgniter->run()
 9 SYSTEMPATH\Boot.php(68): CodeIgniter\Boot::runCodeIgniter(Object(CodeIgniter\CodeIgniter))
10 FCPATH\index.php(59): CodeIgniter\Boot::bootWeb(Object(Config\Paths))
CRITICAL - 2026-04-12 22:35:40 --> ErrorException: Undefined variable $user
[Method: GET, Route: admin/users]
in APPPATH\Views\users\index.php on line 37.
 1 APPPATH\Views\users\index.php(37): CodeIgniter\Debug\Exceptions->errorHandler(2, 'Undefined variable $user', 'C:\\wamp64\\www\\project-root\\app\\Views\\users\\index.php', 37)
 2 SYSTEMPATH\View\View.php(240): include('C:\\wamp64\\www\\project-root\\app\\Views\\users\\index.php')
 3 SYSTEMPATH\View\View.php(243): CodeIgniter\View\View->CodeIgniter\View\{closure}()
 4 SYSTEMPATH\Common.php(1250): CodeIgniter\View\View->render('users/index', [], true)
 5 APPPATH\Controllers\UsersController.php(16): view('users/index', [...])
 6 SYSTEMPATH\CodeIgniter.php(951): App\Controllers\UsersController->index()
 7 SYSTEMPATH\CodeIgniter.php(497): CodeIgniter\CodeIgniter->runController(Object(App\Controllers\UsersController))
 8 SYSTEMPATH\CodeIgniter.php(340): CodeIgniter\CodeIgniter->handleRequest(null, Object(Config\Cache), false)
 9 SYSTEMPATH\Boot.php(417): CodeIgniter\CodeIgniter->run()
10 SYSTEMPATH\Boot.php(68): CodeIgniter\Boot::runCodeIgniter(Object(CodeIgniter\CodeIgniter))
11 FCPATH\index.php(59): CodeIgniter\Boot::bootWeb(Object(Config\Paths))
CRITICAL - 2026-04-12 22:36:09 --> ErrorException: Undefined variable $us
[Method: GET, Route: admin/users]
in APPPATH\Views\users\index.php on line 37.
 1 APPPATH\Views\users\index.php(37): CodeIgniter\Debug\Exceptions->errorHandler(2, 'Undefined variable $us', 'C:\\wamp64\\www\\project-root\\app\\Views\\users\\index.php', 37)
 2 SYSTEMPATH\View\View.php(240): include('C:\\wamp64\\www\\project-root\\app\\Views\\users\\index.php')
 3 SYSTEMPATH\View\View.php(243): CodeIgniter\View\View->CodeIgniter\View\{closure}()
 4 SYSTEMPATH\Common.php(1250): CodeIgniter\View\View->render('users/index', [], true)
 5 APPPATH\Controllers\UsersController.php(16): view('users/index', [...])
 6 SYSTEMPATH\CodeIgniter.php(951): App\Controllers\UsersController->index()
 7 SYSTEMPATH\CodeIgniter.php(497): CodeIgniter\CodeIgniter->runController(Object(App\Controllers\UsersController))
 8 SYSTEMPATH\CodeIgniter.php(340): CodeIgniter\CodeIgniter->handleRequest(null, Object(Config\Cache), false)
 9 SYSTEMPATH\Boot.php(417): CodeIgniter\CodeIgniter->run()
10 SYSTEMPATH\Boot.php(68): CodeIgniter\Boot::runCodeIgniter(Object(CodeIgniter\CodeIgniter))
11 FCPATH\index.php(59): CodeIgniter\Boot::bootWeb(Object(Config\Paths))
CRITICAL - 2026-04-12 22:47:40 --> ErrorException: Attempt to read property "id" on array
[Method: GET, Route: admin/users]
in APPPATH\Views\users\index.php on line 40.
 1 APPPATH\Views\users\index.php(40): CodeIgniter\Debug\Exceptions->errorHandler(2, 'Attempt to read property "id" on array', 'C:\\wamp64\\www\\project-root\\app\\Views\\users\\index.php', 40)
 2 SYSTEMPATH\View\View.php(240): include('C:\\wamp64\\www\\project-root\\app\\Views\\users\\index.php')
 3 SYSTEMPATH\View\View.php(243): CodeIgniter\View\View->CodeIgniter\View\{closure}()
 4 SYSTEMPATH\Common.php(1250): CodeIgniter\View\View->render('users/index', [], true)
 5 APPPATH\Controllers\UsersController.php(16): view('users/index', [...])
 6 SYSTEMPATH\CodeIgniter.php(951): App\Controllers\UsersController->index()
 7 SYSTEMPATH\CodeIgniter.php(497): CodeIgniter\CodeIgniter->runController(Object(App\Controllers\UsersController))
 8 SYSTEMPATH\CodeIgniter.php(340): CodeIgniter\CodeIgniter->handleRequest(null, Object(Config\Cache), false)
 9 SYSTEMPATH\Boot.php(417): CodeIgniter\CodeIgniter->run()
10 SYSTEMPATH\Boot.php(68): CodeIgniter\Boot::runCodeIgniter(Object(CodeIgniter\CodeIgniter))
11 FCPATH\index.php(59): CodeIgniter\Boot::bootWeb(Object(Config\Paths))
CRITICAL - 2026-04-12 22:48:02 --> ErrorException: Attempt to read property "id" on array
[Method: GET, Route: admin/users]
in APPPATH\Views\users\index.php on line 40.
 1 APPPATH\Views\users\index.php(40): CodeIgniter\Debug\Exceptions->errorHandler(2, 'Attempt to read property "id" on array', 'C:\\wamp64\\www\\project-root\\app\\Views\\users\\index.php', 40)
 2 SYSTEMPATH\View\View.php(240): include('C:\\wamp64\\www\\project-root\\app\\Views\\users\\index.php')
 3 SYSTEMPATH\View\View.php(243): CodeIgniter\View\View->CodeIgniter\View\{closure}()
 4 SYSTEMPATH\Common.php(1250): CodeIgniter\View\View->render('users/index', [], true)
 5 APPPATH\Controllers\UsersController.php(16): view('users/index', [...])
 6 SYSTEMPATH\CodeIgniter.php(951): App\Controllers\UsersController->index()
 7 SYSTEMPATH\CodeIgniter.php(497): CodeIgniter\CodeIgniter->runController(Object(App\Controllers\UsersController))
 8 SYSTEMPATH\CodeIgniter.php(340): CodeIgniter\CodeIgniter->handleRequest(null, Object(Config\Cache), false)
 9 SYSTEMPATH\Boot.php(417): CodeIgniter\CodeIgniter->run()
10 SYSTEMPATH\Boot.php(68): CodeIgniter\Boot::runCodeIgniter(Object(CodeIgniter\CodeIgniter))
11 FCPATH\index.php(59): CodeIgniter\Boot::bootWeb(Object(Config\Paths))
CRITICAL - 2026-04-12 22:48:17 --> ErrorException: Attempt to read property "username" on array
[Method: GET, Route: admin/users]
in APPPATH\Views\users\index.php on line 41.
 1 APPPATH\Views\users\index.php(41): CodeIgniter\Debug\Exceptions->errorHandler(2, 'Attempt to read property "username" on array', 'C:\\wamp64\\www\\project-root\\app\\Views\\users\\index.php', 41)
 2 SYSTEMPATH\View\View.php(240): include('C:\\wamp64\\www\\project-root\\app\\Views\\users\\index.php')
 3 SYSTEMPATH\View\View.php(243): CodeIgniter\View\View->CodeIgniter\View\{closure}()
 4 SYSTEMPATH\Common.php(1250): CodeIgniter\View\View->render('users/index', [], true)
 5 APPPATH\Controllers\UsersController.php(16): view('users/index', [...])
 6 SYSTEMPATH\CodeIgniter.php(951): App\Controllers\UsersController->index()
 7 SYSTEMPATH\CodeIgniter.php(497): CodeIgniter\CodeIgniter->runController(Object(App\Controllers\UsersController))
 8 SYSTEMPATH\CodeIgniter.php(340): CodeIgniter\CodeIgniter->handleRequest(null, Object(Config\Cache), false)
 9 SYSTEMPATH\Boot.php(417): CodeIgniter\CodeIgniter->run()
10 SYSTEMPATH\Boot.php(68): CodeIgniter\Boot::runCodeIgniter(Object(CodeIgniter\CodeIgniter))
11 FCPATH\index.php(59): CodeIgniter\Boot::bootWeb(Object(Config\Paths))
CRITICAL - 2026-04-12 22:48:19 --> ErrorException: Attempt to read property "username" on array
[Method: GET, Route: admin/users]
in APPPATH\Views\users\index.php on line 41.
 1 APPPATH\Views\users\index.php(41): CodeIgniter\Debug\Exceptions->errorHandler(2, 'Attempt to read property "username" on array', 'C:\\wamp64\\www\\project-root\\app\\Views\\users\\index.php', 41)
 2 SYSTEMPATH\View\View.php(240): include('C:\\wamp64\\www\\project-root\\app\\Views\\users\\index.php')
 3 SYSTEMPATH\View\View.php(243): CodeIgniter\View\View->CodeIgniter\View\{closure}()
 4 SYSTEMPATH\Common.php(1250): CodeIgniter\View\View->render('users/index', [], true)
 5 APPPATH\Controllers\UsersController.php(16): view('users/index', [...])
 6 SYSTEMPATH\CodeIgniter.php(951): App\Controllers\UsersController->index()
 7 SYSTEMPATH\CodeIgniter.php(497): CodeIgniter\CodeIgniter->runController(Object(App\Controllers\UsersController))
 8 SYSTEMPATH\CodeIgniter.php(340): CodeIgniter\CodeIgniter->handleRequest(null, Object(Config\Cache), false)
 9 SYSTEMPATH\Boot.php(417): CodeIgniter\CodeIgniter->run()
10 SYSTEMPATH\Boot.php(68): CodeIgniter\Boot::runCodeIgniter(Object(CodeIgniter\CodeIgniter))
11 FCPATH\index.php(59): CodeIgniter\Boot::bootWeb(Object(Config\Paths))
CRITICAL - 2026-04-12 22:48:56 --> ErrorException: Attempt to read property "username" on array
[Method: GET, Route: admin/users]
in APPPATH\Views\users\index.php on line 42.
 1 APPPATH\Views\users\index.php(42): CodeIgniter\Debug\Exceptions->errorHandler(2, 'Attempt to read property "username" on array', 'C:\\wamp64\\www\\project-root\\app\\Views\\users\\index.php', 42)
 2 SYSTEMPATH\View\View.php(240): include('C:\\wamp64\\www\\project-root\\app\\Views\\users\\index.php')
 3 SYSTEMPATH\View\View.php(243): CodeIgniter\View\View->CodeIgniter\View\{closure}()
 4 SYSTEMPATH\Common.php(1250): CodeIgniter\View\View->render('users/index', [], true)
 5 APPPATH\Controllers\UsersController.php(16): view('users/index', [...])
 6 SYSTEMPATH\CodeIgniter.php(951): App\Controllers\UsersController->index()
 7 SYSTEMPATH\CodeIgniter.php(497): CodeIgniter\CodeIgniter->runController(Object(App\Controllers\UsersController))
 8 SYSTEMPATH\CodeIgniter.php(340): CodeIgniter\CodeIgniter->handleRequest(null, Object(Config\Cache), false)
 9 SYSTEMPATH\Boot.php(417): CodeIgniter\CodeIgniter->run()
10 SYSTEMPATH\Boot.php(68): CodeIgniter\Boot::runCodeIgniter(Object(CodeIgniter\CodeIgniter))
11 FCPATH\index.php(59): CodeIgniter\Boot::bootWeb(Object(Config\Paths))
CRITICAL - 2026-04-12 22:49:06 --> ErrorException: Attempt to read property "active" on array
[Method: GET, Route: admin/users]
in APPPATH\Views\users\index.php on line 45.
 1 APPPATH\Views\users\index.php(45): CodeIgniter\Debug\Exceptions->errorHandler(2, 'Attempt to read property "active" on array', 'C:\\wamp64\\www\\project-root\\app\\Views\\users\\index.php', 45)
 2 SYSTEMPATH\View\View.php(240): include('C:\\wamp64\\www\\project-root\\app\\Views\\users\\index.php')
 3 SYSTEMPATH\View\View.php(243): CodeIgniter\View\View->CodeIgniter\View\{closure}()
 4 SYSTEMPATH\Common.php(1250): CodeIgniter\View\View->render('users/index', [], true)
 5 APPPATH\Controllers\UsersController.php(16): view('users/index', [...])
 6 SYSTEMPATH\CodeIgniter.php(951): App\Controllers\UsersController->index()
 7 SYSTEMPATH\CodeIgniter.php(497): CodeIgniter\CodeIgniter->runController(Object(App\Controllers\UsersController))
 8 SYSTEMPATH\CodeIgniter.php(340): CodeIgniter\CodeIgniter->handleRequest(null, Object(Config\Cache), false)
 9 SYSTEMPATH\Boot.php(417): CodeIgniter\CodeIgniter->run()
10 SYSTEMPATH\Boot.php(68): CodeIgniter\Boot::runCodeIgniter(Object(CodeIgniter\CodeIgniter))
11 FCPATH\index.php(59): CodeIgniter\Boot::bootWeb(Object(Config\Paths))
CRITICAL - 2026-04-12 22:51:00 --> ErrorException: Attempt to read property "attributes" on array
[Method: GET, Route: admin/users]
in APPPATH\Views\users\index.php on line 41.
 1 APPPATH\Views\users\index.php(41): CodeIgniter\Debug\Exceptions->errorHandler(2, 'Attempt to read property "attributes" on array', 'C:\\wamp64\\www\\project-root\\app\\Views\\users\\index.php', 41)
 2 SYSTEMPATH\View\View.php(240): include('C:\\wamp64\\www\\project-root\\app\\Views\\users\\index.php')
 3 SYSTEMPATH\View\View.php(243): CodeIgniter\View\View->CodeIgniter\View\{closure}()
 4 SYSTEMPATH\Common.php(1250): CodeIgniter\View\View->render('users/index', [], true)
 5 APPPATH\Controllers\UsersController.php(16): view('users/index', [...])
 6 SYSTEMPATH\CodeIgniter.php(951): App\Controllers\UsersController->index()
 7 SYSTEMPATH\CodeIgniter.php(497): CodeIgniter\CodeIgniter->runController(Object(App\Controllers\UsersController))
 8 SYSTEMPATH\CodeIgniter.php(340): CodeIgniter\CodeIgniter->handleRequest(null, Object(Config\Cache), false)
 9 SYSTEMPATH\Boot.php(417): CodeIgniter\CodeIgniter->run()
10 SYSTEMPATH\Boot.php(68): CodeIgniter\Boot::runCodeIgniter(Object(CodeIgniter\CodeIgniter))
11 FCPATH\index.php(59): CodeIgniter\Boot::bootWeb(Object(Config\Paths))
CRITICAL - 2026-04-12 22:52:15 --> ErrorException: Attempt to read property "id" on null
[Method: GET, Route: admin/users]
in APPPATH\Views\users\index.php on line 41.
 1 APPPATH\Views\users\index.php(41): CodeIgniter\Debug\Exceptions->errorHandler(2, 'Attempt to read property "id" on null', 'C:\\wamp64\\www\\project-root\\app\\Views\\users\\index.php', 41)
 2 SYSTEMPATH\View\View.php(240): include('C:\\wamp64\\www\\project-root\\app\\Views\\users\\index.php')
 3 SYSTEMPATH\View\View.php(243): CodeIgniter\View\View->CodeIgniter\View\{closure}()
 4 SYSTEMPATH\Common.php(1250): CodeIgniter\View\View->render('users/index', [], true)
 5 APPPATH\Controllers\UsersController.php(16): view('users/index', [...])
 6 SYSTEMPATH\CodeIgniter.php(951): App\Controllers\UsersController->index()
 7 SYSTEMPATH\CodeIgniter.php(497): CodeIgniter\CodeIgniter->runController(Object(App\Controllers\UsersController))
 8 SYSTEMPATH\CodeIgniter.php(340): CodeIgniter\CodeIgniter->handleRequest(null, Object(Config\Cache), false)
 9 SYSTEMPATH\Boot.php(417): CodeIgniter\CodeIgniter->run()
10 SYSTEMPATH\Boot.php(68): CodeIgniter\Boot::runCodeIgniter(Object(CodeIgniter\CodeIgniter))
11 FCPATH\index.php(59): CodeIgniter\Boot::bootWeb(Object(Config\Paths))
